<?xml version="1.0" encoding="UTF-8"?>
<!-- Generated by org.testng.reporters.JUnitReportReporter -->
<testsuite hostname="LAPTOP-FJFDJBKU" failures="0" tests="1" name="makemytrip.MakeMyTrip" time="7.761" errors="0" timestamp="2022-06-11T16:15:03 IST" skipped="0">
  <testcase classname="makemytrip.MakeMyTrip" name="bookTrip" time="7.761"/>
  <system-out/>
</testsuite> <!-- makemytrip.MakeMyTrip -->
