<?xml version="1.0" encoding="UTF-8"?>
<!-- Generated by org.testng.reporters.JUnitReportReporter -->
<testsuite hostname="LAPTOP-FJFDJBKU" failures="0" tests="1" name="com.crm.amdoc.day2.Assignment3Test" time="17.965" errors="0" timestamp="2022-06-11T22:06:41 IST" skipped="0">
  <testcase classname="com.crm.amdoc.day2.Assignment3Test" name="videoYoutube" time="17.965"/>
  <system-out/>
</testsuite> <!-- com.crm.amdoc.day2.Assignment3Test -->
