<?xml version="1.0" encoding="UTF-8"?>
<!-- Generated by org.testng.reporters.JUnitReportReporter -->
<testsuite hostname="LAPTOP-FJFDJBKU" failures="0" tests="1" name="com.crm.amdoc.day2.Assignment4Test" time="4.264" errors="0" timestamp="2022-06-11T22:41:55 IST" skipped="0">
  <testcase classname="com.crm.amdoc.day2.Assignment4Test" name="amazon" time="4.264"/>
  <system-out/>
</testsuite> <!-- com.crm.amdoc.day2.Assignment4Test -->
