<?xml version="1.0" encoding="UTF-8"?>
<!-- Generated by org.testng.reporters.JUnitReportReporter -->
<testsuite hostname="DESKTOP-9OKQOG7" failures="0" tests="1" name="day2.Sample$sample" time="20.459" errors="0" timestamp="2022-06-10T17:13:55 IST" skipped="0">
  <testcase classname="day2.Sample$sample" name="searchForArtsAndCrafts" time="20.459"/>
  <system-out/>
</testsuite> <!-- day2.Sample$sample -->
