<?xml version="1.0" encoding="UTF-8"?>
<!-- Generated by org.testng.reporters.JUnitReportReporter -->
<testsuite hostname="DESKTOP-9OKQOG7" failures="0" tests="1" name="day2.SeleniumTrainingTest" time="26.117" errors="0" timestamp="2022-06-12T00:03:42 IST" skipped="0">
  <testcase classname="day2.SeleniumTrainingTest" name="seleniumTrainingTest" time="26.117"/>
  <system-out/>
</testsuite> <!-- day2.SeleniumTrainingTest -->
