<?xml version="1.0" encoding="UTF-8"?>
<!-- Generated by org.testng.reporters.JUnitReportReporter -->
<testsuite hostname="DESKTOP-9OKQOG7" failures="0" tests="1" name="day2.SearchForToyTest" time="36.716" errors="0" timestamp="2022-06-11T23:08:51 IST" skipped="0">
  <testcase classname="day2.SearchForToyTest" name="searchForToy" time="36.716"/>
  <system-out/>
</testsuite> <!-- day2.SearchForToyTest -->
