<?xml version="1.0" encoding="UTF-8"?>
<!-- Generated by org.testng.reporters.JUnitReportReporter -->
<testsuite hostname="DESKTOP-9OKQOG7" failures="0" tests="1" name="day2.UsingFrameSearchForToys" time="15.286" errors="0" timestamp="2022-06-08T23:29:09 IST" skipped="0">
  <testcase classname="day2.UsingFrameSearchForToys" name="UsingFrameSearchForToys" time="15.286"/>
  <system-out/>
</testsuite> <!-- day2.UsingFrameSearchForToys -->
