<?xml version="1.0" encoding="UTF-8"?>
<!-- Generated by org.testng.reporters.JUnitReportReporter -->
<testsuite hostname="DESKTOP-EVVE8QT" failures="0" tests="1" name="amdocs.pratical_Test.SearchForArtsAndCraftsInAmazon" time="115.495" errors="0" timestamp="2022-06-09T11:48:25 IST" skipped="0">
  <testcase classname="amdocs.pratical_Test.SearchForArtsAndCraftsInAmazon" name="searchForArtsAndCraftsInAmazon" time="115.495"/>
  <system-out/>
</testsuite> <!-- amdocs.pratical_Test.SearchForArtsAndCraftsInAmazon -->
