<?xml version="1.0" encoding="UTF-8"?>
<!-- Generated by org.testng.reporters.JUnitReportReporter -->
<testsuite hostname="DESKTOP-9OKQOG7" failures="0" tests="2" name="day2.UsingFrameSearchForToysTest" time="16.857" errors="0" timestamp="2022-06-08T23:45:25 IST" skipped="0">
  <testcase classname="day2.UsingFrameSearchForToysTest" name="UsingFrameSearchForToys" time="7.951"/>
  <system-out/>
  <testcase classname="day2.UsingFrameSearchForToysTest" name="UsingFrameSearchForToys" time="8.906"/>
  <system-out/>
</testsuite> <!-- day2.UsingFrameSearchForToysTest -->
