<?xml version="1.0" encoding="UTF-8"?>
<!-- Generated by org.testng.reporters.JUnitReportReporter -->
<testsuite hostname="DESKTOP-EVVE8QT" failures="0" tests="1" name="amdocs.pratical_Test.Book_Flight_In_MakeMyTrip_Test" time="108.577" errors="0" timestamp="2022-06-09T17:43:29 IST" skipped="0">
  <testcase classname="amdocs.pratical_Test.Book_Flight_In_MakeMyTrip_Test" name="makeMyTrip" time="108.577"/>
  <system-out>
    <![CDATA[Flights from Bengaluru to New Delhi, and back]]>
  </system-out>
</testsuite> <!-- amdocs.pratical_Test.Book_Flight_In_MakeMyTrip_Test -->
