<?xml version="1.0" encoding="UTF-8"?>
<!-- Generated by org.testng.reporters.JUnitReportReporter -->
<testsuite hostname="DESKTOP-EVVE8QT" failures="0" tests="1" name="amdocs.pratical_Test.SearchForToysInAmazon" time="31.197" errors="0" timestamp="2022-06-09T11:33:05 IST" skipped="0">
  <testcase classname="amdocs.pratical_Test.SearchForToysInAmazon" name="searchForToys" time="31.197"/>
  <system-out/>
</testsuite> <!-- amdocs.pratical_Test.SearchForToysInAmazon -->
