<?xml version="1.0" encoding="UTF-8"?>
<!-- Generated by org.testng.reporters.JUnitReportReporter -->
<testsuite hostname="DESKTOP-EVVE8QT" failures="0" tests="1" name="amdocs.pratical_Test.PlayFirstVideoInYoutube" time="84.457" errors="0" timestamp="2022-06-09T13:11:54 IST" skipped="0">
  <testcase classname="amdocs.pratical_Test.PlayFirstVideoInYoutube" name="playFirstVideoInYoutube" time="84.457"/>
  <system-out/>
</testsuite> <!-- amdocs.pratical_Test.PlayFirstVideoInYoutube -->
