<?xml version="1.0" encoding="UTF-8"?>
<!-- Generated by org.testng.reporters.JUnitReportReporter -->
<testsuite skipped="0" hostname="DESKTOP-TLIRE04" name="tasks.makeMyTrip" tests="1" failures="0" timestamp="2022-06-13T22:42:54 IST" time="147.200" errors="0">
  <testcase name="bookTicket" time="147.200" classname="tasks.makeMyTrip"/>
  <system-out/>
</testsuite> <!-- tasks.makeMyTrip -->
